<?xml version="1.0" encoding="UTF-8"?>
<testng-results ignored="0" total="1" passed="1" failed="0" skipped="0">
  <reporter-output>
  </reporter-output>
  <suite started-at="2025-05-23T11:08:30 IST" name="Default suite" finished-at="2025-05-23T11:08:36 IST" duration-ms="6149">
    <groups>
    </groups>
    <test started-at="2025-05-23T11:08:30 IST" name="Default test" finished-at="2025-05-23T11:08:36 IST" duration-ms="6149">
      <class name="testScript.LoginTest">
        <test-method is-config="true" signature="initializeBrowser()[pri:0, instance:testScript.LoginTest@74f0ea28]" started-at="2025-05-23T11:08:30 IST" name="initializeBrowser" finished-at="2025-05-23T11:08:36 IST" duration-ms="5644" status="PASS">
          <reporter-output>
          </reporter-output>
        </test-method> <!-- initializeBrowser -->
        <test-method signature="verifyUserLoginWithInvalidCredentials()[pri:0, instance:testScript.LoginTest@74f0ea28]" started-at="2025-05-23T11:08:36 IST" name="verifyUserLoginWithInvalidCredentials" finished-at="2025-05-23T11:08:36 IST" duration-ms="433" status="PASS">
          <reporter-output>
          </reporter-output>
        </test-method> <!-- verifyUserLoginWithInvalidCredentials -->
        <test-method is-config="true" signature="browserCloseandQuit()[pri:0, instance:testScript.LoginTest@74f0ea28]" started-at="2025-05-23T11:08:36 IST" name="browserCloseandQuit" finished-at="2025-05-23T11:08:36 IST" duration-ms="2" status="PASS">
          <reporter-output>
          </reporter-output>
        </test-method> <!-- browserCloseandQuit -->
      </class> <!-- testScript.LoginTest -->
    </test> <!-- Default test -->
  </suite> <!-- Default suite -->
</testng-results>
