<?xml version="1.0" encoding="UTF-8"?>
<!-- Generated by org.testng.reporters.JUnitXMLReporter -->
<testsuite ignored="3" hostname="RajishaRaj" failures="0" tests="2" name="Test1" time="5.357" errors="0" timestamp="2025-06-16T12:05:05 IST">
  <testcase classname="testScript.LoginTest" name="verifyUserLoginWithInvalidCredentials" time="1.566"/>
  <testcase classname="testScript.HomeTest" name="verifywhetherUserIsAbleToLogoutSuccessfully" time="1.967"/>
  <testcase classname="testScript.LoginTest" name="verifyUserLoginWithValidCredentials" time="0.0">
    <ignored/>
  </testcase> <!-- verifyUserLoginWithValidCredentials -->
  <testcase classname="testScript.LoginTest" name="verifyUserLoginWithInValidUsernameAndValidPassword" time="0.0">
    <ignored/>
  </testcase> <!-- verifyUserLoginWithInValidUsernameAndValidPassword -->
  <testcase classname="testScript.LoginTest" name="verifyUserLoginWithValidUsernameAndInvalidPassword" time="0.0">
    <ignored/>
  </testcase> <!-- verifyUserLoginWithValidUsernameAndInvalidPassword -->
</testsuite> <!-- Test1 -->
