<?xml version="1.0" encoding="UTF-8"?>
<!-- Generated by org.testng.reporters.JUnitXMLReporter -->
<testsuite ignored="2" hostname="RajishaRaj" failures="0" tests="3" name="Test1" time="7.145" errors="0" timestamp="2025-06-17T10:26:53 IST">
  <testcase classname="testScript.LoginTest" name="verifyUserLoginWithValidCredentials" time="1.901"/>
  <testcase classname="testScript.HomeTest" name="verifywhetherUserIsAbleToLogoutSuccessfully" time="1.809"/>
  <testcase classname="testScript.LoginTest" name="verifyUserLoginWithInvalidCredentials" time="0.76"/>
  <testcase classname="testScript.LoginTest" name="verifyUserLoginWithInValidUsernameAndValidPassword" time="0.0">
    <ignored/>
  </testcase> <!-- verifyUserLoginWithInValidUsernameAndValidPassword -->
  <testcase classname="testScript.LoginTest" name="verifyUserLoginWithValidUsernameAndInvalidPassword" time="0.0">
    <ignored/>
  </testcase> <!-- verifyUserLoginWithValidUsernameAndInvalidPassword -->
</testsuite> <!-- Test1 -->
