<?xml version="1.0" encoding="UTF-8"?>
<!-- Generated by org.testng.reporters.JUnitXMLReporter -->
<testsuite ignored="0" hostname="RajishaRaj" failures="0" tests="4" name="Test" time="27.867" errors="0" timestamp="2025-06-09T11:21:11 IST">
  <testcase classname="testScript.LoginTest" name="verifyUserLoginWithValidCredentials" time="3.559"/>
  <testcase classname="testScript.LoginTest" name="verifyUserLoginWithValidUsernameAndInvalidPassword" time="1.702"/>
  <testcase classname="testScript.LoginTest" name="verifyUserLoginWithInValidUsernameAndValidPassword" time="1.698"/>
  <testcase classname="testScript.LoginTest" name="verifyUserLoginWithInvalidCredentials" time="1.767"/>
</testsuite> <!-- Test -->
