<?xml version="1.0" encoding="UTF-8"?>
<!-- Generated by org.testng.reporters.JUnitXMLReporter -->
<testsuite ignored="1" hostname="RajishaRaj" failures="0" tests="1" name="Default test" time="5.593" errors="0" timestamp="2025-06-10T23:22:53 IST">
  <testcase classname="testScript.ManageNewsTest" name="verifyWhetherUserIsAbleToSearchAddedNews" time="2.724"/>
  <testcase classname="testScript.ManageNewsTest" name="verifyWhetherUserIsAbleToAddNewNews" time="0.0">
    <ignored/>
  </testcase> <!-- verifyWhetherUserIsAbleToAddNewNews -->
</testsuite> <!-- Default test -->
