<?xml version="1.0" encoding="UTF-8"?>
<testng-results ignored="0" total="2" passed="2" failed="0" skipped="0">
  <reporter-output>
  </reporter-output>
  <suite started-at="2025-06-16T12:04:59 IST" name="Parallel" finished-at="2025-06-16T12:05:05 IST" duration-ms="5357">
    <groups>
      <group name="smoke">
        <method signature="LoginTest.verifyUserLoginWithInvalidCredentials()[pri:4, instance:testScript.LoginTest@4802796d]" name="verifyUserLoginWithInvalidCredentials" class="testScript.LoginTest"/>
      </group> <!-- smoke -->
    </groups>
    <test started-at="2025-06-16T12:04:59 IST" name="Test1" finished-at="2025-06-16T12:05:05 IST" duration-ms="5357">
      <class name="testScript.LoginTest">
        <test-method is-config="true" signature="initializeBrowser(java.lang.String)[pri:0, instance:testScript.LoginTest@4802796d]" started-at="2025-06-16T12:04:59 IST" name="initializeBrowser" finished-at="2025-06-16T12:05:02 IST" duration-ms="2749" status="PASS">
          <params>
            <param index="0">
              <value>
                <![CDATA[Chrome]]>
              </value>
            </param>
          </params>
          <reporter-output>
          </reporter-output>
        </test-method> <!-- initializeBrowser -->
        <test-method signature="verifyUserLoginWithInvalidCredentials()[pri:4, instance:testScript.LoginTest@4802796d]" started-at="2025-06-16T12:05:02 IST" name="verifyUserLoginWithInvalidCredentials" description="Verify whether the user can log in with invalid credentials" finished-at="2025-06-16T12:05:04 IST" duration-ms="1566" status="PASS">
          <reporter-output>
          </reporter-output>
        </test-method> <!-- verifyUserLoginWithInvalidCredentials -->
        <test-method is-config="true" signature="driverQuit(org.testng.ITestResult)[pri:0, instance:testScript.LoginTest@4802796d]" started-at="2025-06-16T12:05:04 IST" name="driverQuit" finished-at="2025-06-16T12:05:04 IST" duration-ms="2" status="PASS">
          <params>
            <param index="0">
              <value>
                <![CDATA[[TestResult name=verifyUserLoginWithInvalidCredentials status=SUCCESS method=LoginTest.verifyUserLoginWithInvalidCredentials()[pri:4, instance:testScript.LoginTest@4802796d] output={null}]]]>
              </value>
            </param>
          </params>
          <reporter-output>
          </reporter-output>
        </test-method> <!-- driverQuit -->
      </class> <!-- testScript.LoginTest -->
      <class name="testScript.HomeTest">
        <test-method is-config="true" signature="initializeBrowser(java.lang.String)[pri:0, instance:testScript.HomeTest@702657cc]" started-at="2025-06-16T12:04:59 IST" name="initializeBrowser" finished-at="2025-06-16T12:05:03 IST" duration-ms="3336" status="PASS">
          <params>
            <param index="0">
              <value>
                <![CDATA[Chrome]]>
              </value>
            </param>
          </params>
          <reporter-output>
          </reporter-output>
        </test-method> <!-- initializeBrowser -->
        <test-method signature="verifywhetherUserIsAbleToLogoutSuccessfully()[pri:0, instance:testScript.HomeTest@702657cc]" started-at="2025-06-16T12:05:03 IST" name="verifywhetherUserIsAbleToLogoutSuccessfully" description="Verify whether the user can logout successfully" finished-at="2025-06-16T12:05:05 IST" duration-ms="1967" status="PASS">
          <reporter-output>
          </reporter-output>
        </test-method> <!-- verifywhetherUserIsAbleToLogoutSuccessfully -->
        <test-method is-config="true" signature="driverQuit(org.testng.ITestResult)[pri:0, instance:testScript.HomeTest@702657cc]" started-at="2025-06-16T12:05:05 IST" name="driverQuit" finished-at="2025-06-16T12:05:05 IST" duration-ms="1" status="PASS">
          <params>
            <param index="0">
              <value>
                <![CDATA[[TestResult name=verifywhetherUserIsAbleToLogoutSuccessfully status=SUCCESS method=HomeTest.verifywhetherUserIsAbleToLogoutSuccessfully()[pri:0, instance:testScript.HomeTest@702657cc] output={null}]]]>
              </value>
            </param>
          </params>
          <reporter-output>
          </reporter-output>
        </test-method> <!-- driverQuit -->
      </class> <!-- testScript.HomeTest -->
    </test> <!-- Test1 -->
  </suite> <!-- Parallel -->
</testng-results>
