<?xml version="1.0" encoding="UTF-8"?>
<testng-results ignored="0" total="4" passed="4" failed="0" skipped="0">
  <reporter-output>
  </reporter-output>
  <suite started-at="2025-06-09T11:20:38 IST" name="Suite" finished-at="2025-06-09T11:21:06 IST" duration-ms="27867">
    <groups>
    </groups>
    <test started-at="2025-06-09T11:20:38 IST" name="Test" finished-at="2025-06-09T11:21:06 IST" duration-ms="27867">
      <class name="testScript.LoginTest">
        <test-method is-config="true" signature="initializeBrowser()[pri:0, instance:testScript.LoginTest@626abbd0]" started-at="2025-06-09T11:20:38 IST" name="initializeBrowser" finished-at="2025-06-09T11:20:43 IST" duration-ms="4774" status="PASS">
          <reporter-output>
          </reporter-output>
        </test-method> <!-- initializeBrowser -->
        <test-method signature="verifyUserLoginWithValidCredentials()[pri:1, instance:testScript.LoginTest@626abbd0]" started-at="2025-06-09T11:20:43 IST" name="verifyUserLoginWithValidCredentials" description="Verify whether the user can log in with valid credentials" finished-at="2025-06-09T11:20:47 IST" duration-ms="3559" status="PASS">
          <reporter-output>
          </reporter-output>
        </test-method> <!-- verifyUserLoginWithValidCredentials -->
        <test-method is-config="true" signature="driverQuit(org.testng.ITestResult)[pri:0, instance:testScript.LoginTest@626abbd0]" started-at="2025-06-09T11:20:47 IST" name="driverQuit" finished-at="2025-06-09T11:20:47 IST" duration-ms="31" status="PASS">
          <params>
            <param index="0">
              <value>
                <![CDATA[[TestResult name=verifyUserLoginWithValidCredentials status=SUCCESS method=LoginTest.verifyUserLoginWithValidCredentials()[pri:1, instance:testScript.LoginTest@626abbd0] output={null}]]]>
              </value>
            </param>
          </params>
          <reporter-output>
          </reporter-output>
        </test-method> <!-- driverQuit -->
        <test-method is-config="true" signature="initializeBrowser()[pri:0, instance:testScript.LoginTest@626abbd0]" started-at="2025-06-09T11:20:47 IST" name="initializeBrowser" finished-at="2025-06-09T11:20:52 IST" duration-ms="4879" status="PASS">
          <reporter-output>
          </reporter-output>
        </test-method> <!-- initializeBrowser -->
        <test-method signature="verifyUserLoginWithValidUsernameAndInvalidPassword()[pri:2, instance:testScript.LoginTest@626abbd0]" started-at="2025-06-09T11:20:52 IST" name="verifyUserLoginWithValidUsernameAndInvalidPassword" description="Verify whether the user can log in with valid username and invalid password" finished-at="2025-06-09T11:20:53 IST" duration-ms="1702" status="PASS">
          <reporter-output>
          </reporter-output>
        </test-method> <!-- verifyUserLoginWithValidUsernameAndInvalidPassword -->
        <test-method is-config="true" signature="driverQuit(org.testng.ITestResult)[pri:0, instance:testScript.LoginTest@626abbd0]" started-at="2025-06-09T11:20:53 IST" name="driverQuit" finished-at="2025-06-09T11:20:53 IST" duration-ms="14" status="PASS">
          <params>
            <param index="0">
              <value>
                <![CDATA[[TestResult name=verifyUserLoginWithValidUsernameAndInvalidPassword status=SUCCESS method=LoginTest.verifyUserLoginWithValidUsernameAndInvalidPassword()[pri:2, instance:testScript.LoginTest@626abbd0] output={null}]]]>
              </value>
            </param>
          </params>
          <reporter-output>
          </reporter-output>
        </test-method> <!-- driverQuit -->
        <test-method is-config="true" signature="initializeBrowser()[pri:0, instance:testScript.LoginTest@626abbd0]" started-at="2025-06-09T11:20:53 IST" name="initializeBrowser" finished-at="2025-06-09T11:20:58 IST" duration-ms="4609" status="PASS">
          <reporter-output>
          </reporter-output>
        </test-method> <!-- initializeBrowser -->
        <test-method signature="verifyUserLoginWithInValidUsernameAndValidPassword()[pri:3, instance:testScript.LoginTest@626abbd0]" started-at="2025-06-09T11:20:58 IST" name="verifyUserLoginWithInValidUsernameAndValidPassword" description="Verify whether the user can log in with invalid username and valid password" finished-at="2025-06-09T11:21:00 IST" duration-ms="1698" status="PASS">
          <reporter-output>
          </reporter-output>
        </test-method> <!-- verifyUserLoginWithInValidUsernameAndValidPassword -->
        <test-method is-config="true" signature="driverQuit(org.testng.ITestResult)[pri:0, instance:testScript.LoginTest@626abbd0]" started-at="2025-06-09T11:21:00 IST" name="driverQuit" finished-at="2025-06-09T11:21:00 IST" duration-ms="28" status="PASS">
          <params>
            <param index="0">
              <value>
                <![CDATA[[TestResult name=verifyUserLoginWithInValidUsernameAndValidPassword status=SUCCESS method=LoginTest.verifyUserLoginWithInValidUsernameAndValidPassword()[pri:3, instance:testScript.LoginTest@626abbd0] output={null}]]]>
              </value>
            </param>
          </params>
          <reporter-output>
          </reporter-output>
        </test-method> <!-- driverQuit -->
        <test-method is-config="true" signature="initializeBrowser()[pri:0, instance:testScript.LoginTest@626abbd0]" started-at="2025-06-09T11:21:00 IST" name="initializeBrowser" finished-at="2025-06-09T11:21:04 IST" duration-ms="4252" status="PASS">
          <reporter-output>
          </reporter-output>
        </test-method> <!-- initializeBrowser -->
        <test-method signature="verifyUserLoginWithInvalidCredentials()[pri:4, instance:testScript.LoginTest@626abbd0]" started-at="2025-06-09T11:21:04 IST" name="verifyUserLoginWithInvalidCredentials" description="Verify whether the user can log in with invalid credentials" finished-at="2025-06-09T11:21:06 IST" duration-ms="1767" status="PASS">
          <reporter-output>
          </reporter-output>
        </test-method> <!-- verifyUserLoginWithInvalidCredentials -->
        <test-method is-config="true" signature="driverQuit(org.testng.ITestResult)[pri:0, instance:testScript.LoginTest@626abbd0]" started-at="2025-06-09T11:21:06 IST" name="driverQuit" finished-at="2025-06-09T11:21:06 IST" duration-ms="11" status="PASS">
          <params>
            <param index="0">
              <value>
                <![CDATA[[TestResult name=verifyUserLoginWithInvalidCredentials status=SUCCESS method=LoginTest.verifyUserLoginWithInvalidCredentials()[pri:4, instance:testScript.LoginTest@626abbd0] output={null}]]]>
              </value>
            </param>
          </params>
          <reporter-output>
          </reporter-output>
        </test-method> <!-- driverQuit -->
      </class> <!-- testScript.LoginTest -->
    </test> <!-- Test -->
  </suite> <!-- Suite -->
</testng-results>
